This file contains any messages produced by compilers while
running configure, to aid debugging if configure makes a mistake.

It was created by arctic_emperor configure 1.3.5, which was
generated by GNU Autoconf 2.69.  Invocation command line was

  $ ../configure 

## --------- ##
## Platform. ##
## --------- ##

hostname = ubuntu
uname -m = x86_64
uname -r = 5.4.0-155-generic
uname -s = Linux
uname -v = #172-Ubuntu SMP Fri Jul 7 16:10:02 UTC 2023

/usr/bin/uname -p = x86_64
/bin/uname -X     = unknown

/bin/arch              = x86_64
/usr/bin/arch -k       = unknown
/usr/convex/getsysinfo = unknown
/usr/bin/hostinfo      = unknown
/bin/machine           = unknown
/usr/bin/oslevel       = unknown
/bin/universe          = unknown

PATH: /usr/local/sbin
PATH: /usr/local/bin
PATH: /usr/sbin
PATH: /usr/bin
PATH: /sbin
PATH: /bin
PATH: /snap/bin


## ----------- ##
## Core tests. ##
## ----------- ##

configure:2454: checking for a BSD-compatible install
configure:2522: result: /usr/bin/install -c
configure:2533: checking whether build environment is sane
configure:2588: result: yes
configure:2737: checking for a thread-safe mkdir -p
configure:2776: result: /usr/bin/mkdir -p
configure:2783: checking for gawk
configure:2799: found /usr/bin/gawk
configure:2810: result: gawk
configure:2821: checking whether make sets $(MAKE)
configure:2843: result: yes
configure:2872: checking whether make supports nested variables
configure:2889: result: yes
configure:2978: checking whether UID '0' is supported by ustar format
configure:2981: result: yes
configure:2988: checking whether GID '0' is supported by ustar format
configure:2991: result: yes
configure:2999: checking how to create a ustar tar archive
configure:3010: tar --version
tar (GNU tar) 1.30
Copyright (C) 2017 Free Software Foundation, Inc.
License GPLv3+: GNU GPL version 3 or later <https://gnu.org/licenses/gpl.html>.
This is free software: you are free to change and redistribute it.
There is NO WARRANTY, to the extent permitted by law.

Written by John Gilmore and Jay Fenlason.
configure:3013: $? = 0
configure:3053: tardir=conftest.dir && eval tar --format=ustar -chf - "$tardir" >conftest.tar
configure:3056: $? = 0
configure:3060: tar -xf - <conftest.tar
configure:3063: $? = 0
configure:3065: cat conftest.dir/file
GrepMe
configure:3068: $? = 0
configure:3081: result: gnutar
configure:3226: checking build system type
configure:3240: result: x86_64-pc-linux-gnu
configure:3260: checking host system type
configure:3273: result: x86_64-pc-linux-gnu
configure:3314: checking how to print strings
configure:3341: result: printf
configure:3366: checking whether make supports the include directive
configure:3381: make -f confmf.GNU && cat confinc.out
this is the am__doit target
configure:3384: $? = 0
configure:3403: result: yes (GNU style)
configure:3473: checking for gcc
configure:3489: found /usr/bin/gcc
configure:3500: result: gcc
configure:3729: checking for C compiler version
configure:3738: gcc --version >&5
gcc (Ubuntu 9.4.0-1ubuntu1~20.04.1) 9.4.0
Copyright (C) 2019 Free Software Foundation, Inc.
This is free software; see the source for copying conditions.  There is NO
warranty; not even for MERCHANTABILITY or FITNESS FOR A PARTICULAR PURPOSE.

configure:3749: $? = 0
configure:3738: gcc -v >&5
Using built-in specs.
COLLECT_GCC=gcc
COLLECT_LTO_WRAPPER=/usr/lib/gcc/x86_64-linux-gnu/9/lto-wrapper
OFFLOAD_TARGET_NAMES=nvptx-none:hsa
OFFLOAD_TARGET_DEFAULT=1
Target: x86_64-linux-gnu
Configured with: ../src/configure -v --with-pkgversion='Ubuntu 9.4.0-1ubuntu1~20.04.1' --with-bugurl=file:///usr/share/doc/gcc-9/README.Bugs --enable-languages=c,ada,c++,go,brig,d,fortran,objc,obj-c++,gm2 --prefix=/usr --with-gcc-major-version-only --program-suffix=-9 --program-prefix=x86_64-linux-gnu- --enable-shared --enable-linker-build-id --libexecdir=/usr/lib --without-included-gettext --enable-threads=posix --libdir=/usr/lib --enable-nls --enable-clocale=gnu --enable-libstdcxx-debug --enable-libstdcxx-time=yes --with-default-libstdcxx-abi=new --enable-gnu-unique-object --disable-vtable-verify --enable-plugin --enable-default-pie --with-system-zlib --with-target-system-zlib=auto --enable-objc-gc=auto --enable-multiarch --disable-werror --with-arch-32=i686 --with-abi=m64 --with-multilib-list=m32,m64,mx32 --enable-multilib --with-tune=generic --enable-offload-targets=nvptx-none=/build/gcc-9-Av3uEd/gcc-9-9.4.0/debian/tmp-nvptx/usr,hsa --without-cuda-driver --enable-checking=release --build=x86_64-linux-gnu --host=x86_64-linux-gnu --target=x86_64-linux-gnu
Thread model: posix
gcc version 9.4.0 (Ubuntu 9.4.0-1ubuntu1~20.04.1) 
configure:3749: $? = 0
configure:3738: gcc -V >&5
gcc: error: unrecognized command line option '-V'
gcc: fatal error: no input files
compilation terminated.
configure:3749: $? = 1
configure:3738: gcc -qversion >&5
gcc: error: unrecognized command line option '-qversion'; did you mean '--version'?
gcc: fatal error: no input files
compilation terminated.
configure:3749: $? = 1
configure:3769: checking whether the C compiler works
configure:3791: gcc    conftest.c  >&5
configure:3795: $? = 0
configure:3843: result: yes
configure:3846: checking for C compiler default output file name
configure:3848: result: a.out
configure:3854: checking for suffix of executables
configure:3861: gcc -o conftest    conftest.c  >&5
configure:3865: $? = 0
configure:3887: result: 
configure:3909: checking whether we are cross compiling
configure:3917: gcc -o conftest    conftest.c  >&5
configure:3921: $? = 0
configure:3928: ./conftest
configure:3932: $? = 0
configure:3920: result: no
configure:3925: checking for suffix of object files
configure:3947: gcc -c   conftest.c >&5
configure:3951: $? = 0
configure:3972: result: o
configure:3976: checking whether we are using the GNU C compiler
configure:3995: gcc -c   conftest.c >&5
configure:3995: $? = 0
configure:4004: result: yes
configure:4013: checking whether gcc accepts -g
configure:4033: gcc -c -g  conftest.c >&5
configure:4033: $? = 0
configure:4074: result: yes
configure:4091: checking for gcc option to accept ISO C89
configure:4154: gcc  -c -g -O2  conftest.c >&5
configure:4154: $? = 0
configure:4167: result: none needed
configure:4192: checking whether gcc understands -c and -o together
configure:4214: gcc -c conftest.c -o conftest2.o
configure:4217: $? = 0
configure:4214: gcc -c conftest.c -o conftest2.o
configure:4217: $? = 0
configure:4229: result: yes
configure:4248: checking dependency style of gcc
configure:4359: result: gcc3
configure:4374: checking for a sed that does not truncate output
configure:4438: result: /usr/bin/sed
configure:4456: checking for grep that handles long lines and -e
configure:4514: result: /usr/bin/grep
configure:4519: checking for egrep
configure:4581: result: /usr/bin/grep -E
configure:4586: checking for fgrep
configure:4648: result: /usr/bin/grep -F
configure:4683: checking for ld used by gcc
configure:4750: result: /usr/bin/ld
configure:4757: checking if the linker (/usr/bin/ld) is GNU ld
configure:4772: result: yes
configure:4784: checking for BSD- or MS-compatible name lister (nm)
configure:4838: result: /usr/bin/nm -B
configure:4968: checking the name lister (/usr/bin/nm -B) interface
configure:4975: gcc -c -g -O2  conftest.c >&5
configure:4978: /usr/bin/nm -B "conftest.o"
configure:4981: output
0000000000000000 B some_variable
configure:4982: result: BSD nm
configure:4985: checking whether ln -s works
configure:4989: result: yes
configure:4997: checking the maximum length of command line arguments
configure:5128: result: 1572864
configure:5176: checking how to convert x86_64-pc-linux-gnu file names to x86_64-pc-linux-gnu format
configure:5216: result: func_convert_file_noop
configure:5223: checking how to convert x86_64-pc-linux-gnu file names to toolchain format
configure:5243: result: func_convert_file_noop
configure:5250: checking for /usr/bin/ld option to reload object files
configure:5257: result: -r
configure:5331: checking for objdump
configure:5347: found /usr/bin/objdump
configure:5358: result: objdump
configure:5390: checking how to recognize dependent libraries
configure:5590: result: pass_all
configure:5675: checking for dlltool
configure:5705: result: no
configure:5735: checking how to associate runtime and link libraries
configure:5762: result: printf %s\n
configure:5823: checking for ar
configure:5839: found /usr/bin/ar
configure:5850: result: ar
configure:5887: checking for archiver @FILE support
configure:5904: gcc -c -g -O2  conftest.c >&5
configure:5904: $? = 0
configure:5907: ar cr libconftest.a @conftest.lst >&5
configure:5910: $? = 0
configure:5915: ar cr libconftest.a @conftest.lst >&5
ar: conftest.o: No such file or directory
configure:5918: $? = 1
configure:5917: result: @
configure:5975: checking for strip
configure:5991: found /usr/bin/strip
configure:6002: result: strip
configure:6074: checking for ranlib
configure:6090: found /usr/bin/ranlib
configure:6101: result: ranlib
configure:6203: checking command to parse /usr/bin/nm -B output from gcc object
configure:6356: gcc -c -g -O2  conftest.c >&5
configure:6359: $? = 0
configure:6363: /usr/bin/nm -B conftest.o | sed -n -e 's/^.*[	 ]\([ABCDGIRSTW][ABCDGIRSTW]*\)[	 ][	 ]*\([_A-Za-z][_A-Za-z0-9]*\)$/\1 \2 \2/p' | sed '/ __gnu_lto/d' > conftest.nm
configure:6429: gcc -o conftest -g -O2   conftest.c conftstm.o >&5
configure:6432: $? = 0
configure:6470: result: ok
configure:6517: checking for sysroot
configure:6547: result: no
configure:6554: checking for a working dd
configure:6592: result: /usr/bin/dd
configure:6596: checking how to truncate binary pipes
configure:6611: result: /usr/bin/dd bs=4096 count=1
configure:6747: gcc -c -g -O2  conftest.c >&5
configure:6750: $? = 0
configure:6940: checking for mt
configure:6956: found /usr/bin/mt
configure:6967: result: mt
configure:6990: checking if mt is a manifest tool
configure:6996: mt '-?'
configure:7004: result: no
configure:7681: checking how to run the C preprocessor
configure:7712: gcc -E  conftest.c
configure:7712: $? = 0
configure:7726: gcc -E  conftest.c
conftest.c:20:10: fatal error: ac_nonexistent.h: No such file or directory
   20 | #include <ac_nonexistent.h>
      |          ^~~~~~~~~~~~~~~~~~
compilation terminated.
configure:7726: $? = 1
configure: failed program was:
| /* confdefs.h */
| #define PACKAGE_NAME "arctic_emperor"
| #define PACKAGE_TARNAME "arctic_emperor"
| #define PACKAGE_VERSION "1.3.5"
| #define PACKAGE_STRING "arctic_emperor 1.3.5"
| #define PACKAGE_BUGREPORT "admin@wangyonglin.com"
| #define PACKAGE_URL ""
| #define PACKAGE "arctic_emperor"
| #define VERSION "1.3.5"
| #define PACKAGE_VERSION_MAJOR 1
| #define PACKAGE_VERSION_MINOR 3
| #define PACKAGE_VERSION_PATCH 5
| #define PACKAGE_DIRECTERY_LOCALDIR "/var/run/wangyonglin"
| #define PACKAGE_DIRECTERY_PREFIX "/usr/local"
| #define PACKAGE_DIRECTERY_LOG "/usr/local/logs"
| #define PACKAGE_DIRECTERY_CONF "/usr/local/conf"
| #define PACKAGE_CONF_MAIN_FILENAME "/usr/local/conf/wangyonglin.conf"
| #define PACKAGE_CONF_ZLOG_FILENAME "/usr/local/conf/zlog.conf"
| /* end confdefs.h.  */
| #include <ac_nonexistent.h>
configure:7751: result: gcc -E
configure:7771: gcc -E  conftest.c
configure:7771: $? = 0
configure:7785: gcc -E  conftest.c
conftest.c:20:10: fatal error: ac_nonexistent.h: No such file or directory
   20 | #include <ac_nonexistent.h>
      |          ^~~~~~~~~~~~~~~~~~
compilation terminated.
configure:7785: $? = 1
configure: failed program was:
| /* confdefs.h */
| #define PACKAGE_NAME "arctic_emperor"
| #define PACKAGE_TARNAME "arctic_emperor"
| #define PACKAGE_VERSION "1.3.5"
| #define PACKAGE_STRING "arctic_emperor 1.3.5"
| #define PACKAGE_BUGREPORT "admin@wangyonglin.com"
| #define PACKAGE_URL ""
| #define PACKAGE "arctic_emperor"
| #define VERSION "1.3.5"
| #define PACKAGE_VERSION_MAJOR 1
| #define PACKAGE_VERSION_MINOR 3
| #define PACKAGE_VERSION_PATCH 5
| #define PACKAGE_DIRECTERY_LOCALDIR "/var/run/wangyonglin"
| #define PACKAGE_DIRECTERY_PREFIX "/usr/local"
| #define PACKAGE_DIRECTERY_LOG "/usr/local/logs"
| #define PACKAGE_DIRECTERY_CONF "/usr/local/conf"
| #define PACKAGE_CONF_MAIN_FILENAME "/usr/local/conf/wangyonglin.conf"
| #define PACKAGE_CONF_ZLOG_FILENAME "/usr/local/conf/zlog.conf"
| /* end confdefs.h.  */
| #include <ac_nonexistent.h>
configure:7814: checking for ANSI C header files
configure:7834: gcc -c -g -O2  conftest.c >&5
configure:7834: $? = 0
configure:7907: gcc -o conftest -g -O2   conftest.c  >&5
configure:7907: $? = 0
configure:7907: ./conftest
configure:7907: $? = 0
configure:7918: result: yes
configure:7931: checking for sys/types.h
configure:7931: gcc -c -g -O2  conftest.c >&5
configure:7931: $? = 0
configure:7931: result: yes
configure:7931: checking for sys/stat.h
configure:7931: gcc -c -g -O2  conftest.c >&5
configure:7931: $? = 0
configure:7931: result: yes
configure:7931: checking for stdlib.h
configure:7931: gcc -c -g -O2  conftest.c >&5
configure:7931: $? = 0
configure:7931: result: yes
configure:7931: checking for string.h
configure:7931: gcc -c -g -O2  conftest.c >&5
configure:7931: $? = 0
configure:7931: result: yes
configure:7931: checking for memory.h
configure:7931: gcc -c -g -O2  conftest.c >&5
configure:7931: $? = 0
configure:7931: result: yes
configure:7931: checking for strings.h
configure:7931: gcc -c -g -O2  conftest.c >&5
configure:7931: $? = 0
configure:7931: result: yes
configure:7931: checking for inttypes.h
configure:7931: gcc -c -g -O2  conftest.c >&5
configure:7931: $? = 0
configure:7931: result: yes
configure:7931: checking for stdint.h
configure:7931: gcc -c -g -O2  conftest.c >&5
configure:7931: $? = 0
configure:7931: result: yes
configure:7931: checking for unistd.h
configure:7931: gcc -c -g -O2  conftest.c >&5
configure:7931: $? = 0
configure:7931: result: yes
configure:7945: checking for dlfcn.h
configure:7945: gcc -c -g -O2  conftest.c >&5
configure:7945: $? = 0
configure:7945: result: yes
configure:8201: checking for objdir
configure:8216: result: .libs
configure:8476: checking if gcc supports -fno-rtti -fno-exceptions
configure:8494: gcc -c -g -O2  -fno-rtti -fno-exceptions conftest.c >&5
cc1: warning: command line option '-fno-rtti' is valid for C++/D/ObjC++ but not for C
configure:8498: $? = 0
configure:8511: result: no
configure:8875: checking for gcc option to produce PIC
configure:8882: result: -fPIC -DPIC
configure:8890: checking if gcc PIC flag -fPIC -DPIC works
configure:8908: gcc -c -g -O2  -fPIC -DPIC -DPIC conftest.c >&5
configure:8912: $? = 0
configure:8925: result: yes
configure:8954: checking if gcc static flag -static works
configure:8982: result: yes
configure:8997: checking if gcc supports -c -o file.o
configure:9018: gcc -c -g -O2  -o out/conftest2.o conftest.c >&5
configure:9022: $? = 0
configure:9044: result: yes
configure:9052: checking if gcc supports -c -o file.o
configure:9099: result: yes
configure:9132: checking whether the gcc linker (/usr/bin/ld -m elf_x86_64) supports shared libraries
configure:10395: result: yes
configure:10432: checking whether -lc should be explicitly linked in
configure:10440: gcc -c -g -O2  conftest.c >&5
configure:10443: $? = 0
configure:10458: gcc -shared  -fPIC -DPIC conftest.o  -v -Wl,-soname -Wl,conftest -o conftest 2\>\&1 \| /usr/bin/grep  -lc  \>/dev/null 2\>\&1
configure:10461: $? = 0
configure:10475: result: no
configure:10635: checking dynamic linker characteristics
configure:11216: gcc -o conftest -g -O2   -Wl,-rpath -Wl,/foo conftest.c  >&5
configure:11216: $? = 0
configure:11465: result: GNU/Linux ld.so
configure:11587: checking how to hardcode library paths into programs
configure:11612: result: immediate
configure:12160: checking whether stripping libraries is possible
configure:12165: result: yes
configure:12200: checking if libtool supports shared libraries
configure:12202: result: yes
configure:12205: checking whether to build shared libraries
configure:12230: result: yes
configure:12233: checking whether to build static libraries
configure:12237: result: yes
configure:9099: checking for gcc
configure:9126: result: gcc
configure:9355: checking for C compiler version
configure:9364: gcc --version >&5
gcc (Ubuntu 9.4.0-1ubuntu1~20.04.1) 9.4.0
Copyright (C) 2019 Free Software Foundation, Inc.
This is free software; see the source for copying conditions.  There is NO
warranty; not even for MERCHANTABILITY or FITNESS FOR A PARTICULAR PURPOSE.

configure:9375: $? = 0
configure:9364: gcc -v >&5
Using built-in specs.
COLLECT_GCC=gcc
COLLECT_LTO_WRAPPER=/usr/lib/gcc/x86_64-linux-gnu/9/lto-wrapper
OFFLOAD_TARGET_NAMES=nvptx-none:hsa
OFFLOAD_TARGET_DEFAULT=1
Target: x86_64-linux-gnu
Configured with: ../src/configure -v --with-pkgversion='Ubuntu 9.4.0-1ubuntu1~20.04.1' --with-bugurl=file:///usr/share/doc/gcc-9/README.Bugs --enable-languages=c,ada,c++,go,brig,d,fortran,objc,obj-c++,gm2 --prefix=/usr --with-gcc-major-version-only --program-suffix=-9 --program-prefix=x86_64-linux-gnu- --enable-shared --enable-linker-build-id --libexecdir=/usr/lib --without-included-gettext --enable-threads=posix --libdir=/usr/lib --enable-nls --enable-clocale=gnu --enable-libstdcxx-debug --enable-libstdcxx-time=yes --with-default-libstdcxx-abi=new --enable-gnu-unique-object --disable-vtable-verify --enable-plugin --enable-default-pie --with-system-zlib --with-target-system-zlib=auto --enable-objc-gc=auto --enable-multiarch --disable-werror --with-arch-32=i686 --with-abi=m64 --with-multilib-list=m32,m64,mx32 --enable-multilib --with-tune=generic --enable-offload-targets=nvptx-none=/build/gcc-9-Av3uEd/gcc-9-9.4.0/debian/tmp-nvptx/usr,hsa --without-cuda-driver --enable-checking=release --build=x86_64-linux-gnu --host=x86_64-linux-gnu --target=x86_64-linux-gnu
Thread model: posix
gcc version 9.4.0 (Ubuntu 9.4.0-1ubuntu1~20.04.1) 
configure:9375: $? = 0
configure:9364: gcc -V >&5
gcc: error: unrecognized command line option '-V'
gcc: fatal error: no input files
compilation terminated.
configure:9375: $? = 1
configure:9364: gcc -qversion >&5
gcc: error: unrecognized command line option '-qversion'; did you mean '--version'?
gcc: fatal error: no input files
compilation terminated.
configure:9375: $? = 1
configure:9379: checking whether we are using the GNU C compiler
configure:9407: result: yes
configure:9416: checking whether gcc accepts -g
configure:9477: result: yes
configure:9494: checking for gcc option to accept ISO C89
configure:9570: result: none needed
configure:9595: checking whether gcc understands -c and -o together
configure:9632: result: yes
configure:9651: checking dependency style of gcc
configure:9762: result: gcc3
configure:9783: checking for main in -lcrypto
configure:9802: gcc -o conftest -g -O2   conftest.c -lcrypto   >&5
configure:9802: $? = 0
configure:9811: result: yes
configure:9823: checking for main in -lcurl
configure:9842: gcc -o conftest -g -O2   conftest.c -lcurl  -lcrypto  >&5
configure:9842: $? = 0
configure:9851: result: yes
configure:9863: checking for main in -levent
configure:9882: gcc -o conftest -g -O2   conftest.c -levent  -lcurl -lcrypto  >&5
configure:9882: $? = 0
configure:9891: result: yes
configure:9903: checking for main in -levent_openssl
configure:9922: gcc -o conftest -g -O2   conftest.c -levent_openssl  -levent -lcurl -lcrypto  >&5
configure:9922: $? = 0
configure:9931: result: yes
configure:9943: checking for main in -lm
configure:9962: gcc -o conftest -g -O2   conftest.c -lm  -levent_openssl -levent -lcurl -lcrypto  >&5
configure:9962: $? = 0
configure:9971: result: yes
configure:9983: checking for main in -lpthread
configure:10002: gcc -o conftest -g -O2   conftest.c -lpthread  -lm -levent_openssl -levent -lcurl -lcrypto  >&5
configure:10002: $? = 0
configure:10011: result: yes
configure:10023: checking for main in -lssl
configure:10042: gcc -o conftest -g -O2   conftest.c -lssl  -lpthread -lm -levent_openssl -levent -lcurl -lcrypto  >&5
configure:10042: $? = 0
configure:10051: result: yes
configure:10067: checking float.h usability
configure:10067: gcc -c -g -O2  conftest.c >&5
configure:10067: $? = 0
configure:10067: result: yes
configure:10067: checking float.h presence
configure:10067: gcc -E  conftest.c
configure:10067: $? = 0
configure:10067: result: yes
configure:10067: checking for float.h
configure:10067: result: yes
configure:10067: checking limits.h usability
configure:10067: gcc -c -g -O2  conftest.c >&5
configure:10067: $? = 0
configure:10067: result: yes
configure:10067: checking limits.h presence
configure:10067: gcc -E  conftest.c
configure:10067: $? = 0
configure:10067: result: yes
configure:10067: checking for limits.h
configure:10067: result: yes
configure:10067: checking locale.h usability
configure:10067: gcc -c -g -O2  conftest.c >&5
configure:10067: $? = 0
configure:10067: result: yes
configure:10067: checking locale.h presence
configure:10067: gcc -E  conftest.c
configure:10067: $? = 0
configure:10067: result: yes
configure:10067: checking for locale.h
configure:10067: result: yes
configure:10067: checking netinet/in.h usability
configure:10067: gcc -c -g -O2  conftest.c >&5
configure:10067: $? = 0
configure:10067: result: yes
configure:10067: checking netinet/in.h presence
configure:10067: gcc -E  conftest.c
configure:10067: $? = 0
configure:10067: result: yes
configure:10067: checking for netinet/in.h
configure:10067: result: yes
configure:10067: checking stddef.h usability
configure:10067: gcc -c -g -O2  conftest.c >&5
configure:10067: $? = 0
configure:10067: result: yes
configure:10067: checking stddef.h presence
configure:10067: gcc -E  conftest.c
configure:10067: $? = 0
configure:10067: result: yes
configure:10067: checking for stddef.h
configure:10067: result: yes
configure:10067: checking for stdint.h
configure:10067: result: yes
configure:10067: checking for stdlib.h
configure:10067: result: yes
configure:10067: checking for string.h
configure:10067: result: yes
configure:10067: checking sys/socket.h usability
configure:10067: gcc -c -g -O2  conftest.c >&5
configure:10067: $? = 0
configure:10067: result: yes
configure:10067: checking sys/socket.h presence
configure:10067: gcc -E  conftest.c
configure:10067: $? = 0
configure:10067: result: yes
configure:10067: checking for sys/socket.h
configure:10067: result: yes
configure:10067: checking for unistd.h
configure:10067: result: yes
configure:10079: checking for stdbool.h that conforms to C99
configure:10146: gcc -c -g -O2  conftest.c >&5
configure:10146: $? = 0
configure:10153: result: yes
configure:10155: checking for _Bool
configure:10155: gcc -c -g -O2  conftest.c >&5
configure:10155: $? = 0
configure:10155: gcc -c -g -O2  conftest.c >&5
conftest.c: In function 'main':
conftest.c:85:20: error: expected expression before ')' token
   85 | if (sizeof ((_Bool)))
      |                    ^
configure:10155: $? = 1
configure: failed program was:
| /* confdefs.h */
| #define PACKAGE_NAME "arctic_emperor"
| #define PACKAGE_TARNAME "arctic_emperor"
| #define PACKAGE_VERSION "1.3.5"
| #define PACKAGE_STRING "arctic_emperor 1.3.5"
| #define PACKAGE_BUGREPORT "admin@wangyonglin.com"
| #define PACKAGE_URL ""
| #define PACKAGE "arctic_emperor"
| #define VERSION "1.3.5"
| #define PACKAGE_VERSION_MAJOR 1
| #define PACKAGE_VERSION_MINOR 3
| #define PACKAGE_VERSION_PATCH 5
| #define PACKAGE_DIRECTERY_LOCALDIR "/var/run/wangyonglin"
| #define PACKAGE_DIRECTERY_PREFIX "/usr/local"
| #define PACKAGE_DIRECTERY_LOG "/usr/local/logs"
| #define PACKAGE_DIRECTERY_CONF "/usr/local/conf"
| #define PACKAGE_CONF_MAIN_FILENAME "/usr/local/conf/wangyonglin.conf"
| #define PACKAGE_CONF_ZLOG_FILENAME "/usr/local/conf/zlog.conf"
| #define STDC_HEADERS 1
| #define HAVE_SYS_TYPES_H 1
| #define HAVE_SYS_STAT_H 1
| #define HAVE_STDLIB_H 1
| #define HAVE_STRING_H 1
| #define HAVE_MEMORY_H 1
| #define HAVE_STRINGS_H 1
| #define HAVE_INTTYPES_H 1
| #define HAVE_STDINT_H 1
| #define HAVE_UNISTD_H 1
| #define HAVE_DLFCN_H 1
| #define LT_OBJDIR ".libs/"
| #define HAVE_LIBCRYPTO 1
| #define HAVE_LIBCURL 1
| #define HAVE_LIBEVENT 1
| #define HAVE_LIBEVENT_OPENSSL 1
| #define HAVE_LIBM 1
| #define HAVE_LIBPTHREAD 1
| #define HAVE_LIBSSL 1
| #define HAVE_FLOAT_H 1
| #define HAVE_LIMITS_H 1
| #define HAVE_LOCALE_H 1
| #define HAVE_NETINET_IN_H 1
| #define HAVE_STDDEF_H 1
| #define HAVE_STDINT_H 1
| #define HAVE_STDLIB_H 1
| #define HAVE_STRING_H 1
| #define HAVE_SYS_SOCKET_H 1
| #define HAVE_UNISTD_H 1
| /* end confdefs.h.  */
| #include <stdio.h>
| #ifdef HAVE_SYS_TYPES_H
| # include <sys/types.h>
| #endif
| #ifdef HAVE_SYS_STAT_H
| # include <sys/stat.h>
| #endif
| #ifdef STDC_HEADERS
| # include <stdlib.h>
| # include <stddef.h>
| #else
| # ifdef HAVE_STDLIB_H
| #  include <stdlib.h>
| # endif
| #endif
| #ifdef HAVE_STRING_H
| # if !defined STDC_HEADERS && defined HAVE_MEMORY_H
| #  include <memory.h>
| # endif
| # include <string.h>
| #endif
| #ifdef HAVE_STRINGS_H
| # include <strings.h>
| #endif
| #ifdef HAVE_INTTYPES_H
| # include <inttypes.h>
| #endif
| #ifdef HAVE_STDINT_H
| # include <stdint.h>
| #endif
| #ifdef HAVE_UNISTD_H
| # include <unistd.h>
| #endif
| int
| main ()
| {
| if (sizeof ((_Bool)))
| 	    return 0;
|   ;
|   return 0;
| }
configure:10155: result: yes
configure:10166: checking for inline
configure:10182: gcc -c -g -O2  conftest.c >&5
configure:10182: $? = 0
configure:10190: result: inline
configure:10208: checking for int64_t
configure:10208: gcc -c -g -O2  conftest.c >&5
configure:10208: $? = 0
configure:10208: gcc -c -g -O2  conftest.c >&5
conftest.c: In function 'main':
conftest.c:88:53: warning: integer overflow in expression of type 'long int' results in '-9223372036854775808' [-Woverflow]
   88 |    < (int64_t) (((((int64_t) 1 << N) << N) - 1) * 2 + 2))];
      |                                                     ^
conftest.c:87:12: error: storage size of 'test_array' isn't constant
   87 | static int test_array [1 - 2 * !((int64_t) (((((int64_t) 1 << N) << N) - 1) * 2 + 1)
      |            ^~~~~~~~~~
configure:10208: $? = 1
configure: failed program was:
| /* confdefs.h */
| #define PACKAGE_NAME "arctic_emperor"
| #define PACKAGE_TARNAME "arctic_emperor"
| #define PACKAGE_VERSION "1.3.5"
| #define PACKAGE_STRING "arctic_emperor 1.3.5"
| #define PACKAGE_BUGREPORT "admin@wangyonglin.com"
| #define PACKAGE_URL ""
| #define PACKAGE "arctic_emperor"
| #define VERSION "1.3.5"
| #define PACKAGE_VERSION_MAJOR 1
| #define PACKAGE_VERSION_MINOR 3
| #define PACKAGE_VERSION_PATCH 5
| #define PACKAGE_DIRECTERY_LOCALDIR "/var/run/wangyonglin"
| #define PACKAGE_DIRECTERY_PREFIX "/usr/local"
| #define PACKAGE_DIRECTERY_LOG "/usr/local/logs"
| #define PACKAGE_DIRECTERY_CONF "/usr/local/conf"
| #define PACKAGE_CONF_MAIN_FILENAME "/usr/local/conf/wangyonglin.conf"
| #define PACKAGE_CONF_ZLOG_FILENAME "/usr/local/conf/zlog.conf"
| #define STDC_HEADERS 1
| #define HAVE_SYS_TYPES_H 1
| #define HAVE_SYS_STAT_H 1
| #define HAVE_STDLIB_H 1
| #define HAVE_STRING_H 1
| #define HAVE_MEMORY_H 1
| #define HAVE_STRINGS_H 1
| #define HAVE_INTTYPES_H 1
| #define HAVE_STDINT_H 1
| #define HAVE_UNISTD_H 1
| #define HAVE_DLFCN_H 1
| #define LT_OBJDIR ".libs/"
| #define HAVE_LIBCRYPTO 1
| #define HAVE_LIBCURL 1
| #define HAVE_LIBEVENT 1
| #define HAVE_LIBEVENT_OPENSSL 1
| #define HAVE_LIBM 1
| #define HAVE_LIBPTHREAD 1
| #define HAVE_LIBSSL 1
| #define HAVE_FLOAT_H 1
| #define HAVE_LIMITS_H 1
| #define HAVE_LOCALE_H 1
| #define HAVE_NETINET_IN_H 1
| #define HAVE_STDDEF_H 1
| #define HAVE_STDINT_H 1
| #define HAVE_STDLIB_H 1
| #define HAVE_STRING_H 1
| #define HAVE_SYS_SOCKET_H 1
| #define HAVE_UNISTD_H 1
| #define HAVE__BOOL 1
| /* end confdefs.h.  */
| #include <stdio.h>
| #ifdef HAVE_SYS_TYPES_H
| # include <sys/types.h>
| #endif
| #ifdef HAVE_SYS_STAT_H
| # include <sys/stat.h>
| #endif
| #ifdef STDC_HEADERS
| # include <stdlib.h>
| # include <stddef.h>
| #else
| # ifdef HAVE_STDLIB_H
| #  include <stdlib.h>
| # endif
| #endif
| #ifdef HAVE_STRING_H
| # if !defined STDC_HEADERS && defined HAVE_MEMORY_H
| #  include <memory.h>
| # endif
| # include <string.h>
| #endif
| #ifdef HAVE_STRINGS_H
| # include <strings.h>
| #endif
| #ifdef HAVE_INTTYPES_H
| # include <inttypes.h>
| #endif
| #ifdef HAVE_STDINT_H
| # include <stdint.h>
| #endif
| #ifdef HAVE_UNISTD_H
| # include <unistd.h>
| #endif
| 	        enum { N = 64 / 2 - 1 };
| int
| main ()
| {
| static int test_array [1 - 2 * !((int64_t) (((((int64_t) 1 << N) << N) - 1) * 2 + 1)
| 		 < (int64_t) (((((int64_t) 1 << N) << N) - 1) * 2 + 2))];
| test_array [0] = 0;
| return test_array [0];
| 
|   ;
|   return 0;
| }
configure:10208: result: yes
configure:10219: checking for size_t
configure:10219: gcc -c -g -O2  conftest.c >&5
configure:10219: $? = 0
configure:10219: gcc -c -g -O2  conftest.c >&5
conftest.c: In function 'main':
conftest.c:86:21: error: expected expression before ')' token
   86 | if (sizeof ((size_t)))
      |                     ^
configure:10219: $? = 1
configure: failed program was:
| /* confdefs.h */
| #define PACKAGE_NAME "arctic_emperor"
| #define PACKAGE_TARNAME "arctic_emperor"
| #define PACKAGE_VERSION "1.3.5"
| #define PACKAGE_STRING "arctic_emperor 1.3.5"
| #define PACKAGE_BUGREPORT "admin@wangyonglin.com"
| #define PACKAGE_URL ""
| #define PACKAGE "arctic_emperor"
| #define VERSION "1.3.5"
| #define PACKAGE_VERSION_MAJOR 1
| #define PACKAGE_VERSION_MINOR 3
| #define PACKAGE_VERSION_PATCH 5
| #define PACKAGE_DIRECTERY_LOCALDIR "/var/run/wangyonglin"
| #define PACKAGE_DIRECTERY_PREFIX "/usr/local"
| #define PACKAGE_DIRECTERY_LOG "/usr/local/logs"
| #define PACKAGE_DIRECTERY_CONF "/usr/local/conf"
| #define PACKAGE_CONF_MAIN_FILENAME "/usr/local/conf/wangyonglin.conf"
| #define PACKAGE_CONF_ZLOG_FILENAME "/usr/local/conf/zlog.conf"
| #define STDC_HEADERS 1
| #define HAVE_SYS_TYPES_H 1
| #define HAVE_SYS_STAT_H 1
| #define HAVE_STDLIB_H 1
| #define HAVE_STRING_H 1
| #define HAVE_MEMORY_H 1
| #define HAVE_STRINGS_H 1
| #define HAVE_INTTYPES_H 1
| #define HAVE_STDINT_H 1
| #define HAVE_UNISTD_H 1
| #define HAVE_DLFCN_H 1
| #define LT_OBJDIR ".libs/"
| #define HAVE_LIBCRYPTO 1
| #define HAVE_LIBCURL 1
| #define HAVE_LIBEVENT 1
| #define HAVE_LIBEVENT_OPENSSL 1
| #define HAVE_LIBM 1
| #define HAVE_LIBPTHREAD 1
| #define HAVE_LIBSSL 1
| #define HAVE_FLOAT_H 1
| #define HAVE_LIMITS_H 1
| #define HAVE_LOCALE_H 1
| #define HAVE_NETINET_IN_H 1
| #define HAVE_STDDEF_H 1
| #define HAVE_STDINT_H 1
| #define HAVE_STDLIB_H 1
| #define HAVE_STRING_H 1
| #define HAVE_SYS_SOCKET_H 1
| #define HAVE_UNISTD_H 1
| #define HAVE__BOOL 1
| /* end confdefs.h.  */
| #include <stdio.h>
| #ifdef HAVE_SYS_TYPES_H
| # include <sys/types.h>
| #endif
| #ifdef HAVE_SYS_STAT_H
| # include <sys/stat.h>
| #endif
| #ifdef STDC_HEADERS
| # include <stdlib.h>
| # include <stddef.h>
| #else
| # ifdef HAVE_STDLIB_H
| #  include <stdlib.h>
| # endif
| #endif
| #ifdef HAVE_STRING_H
| # if !defined STDC_HEADERS && defined HAVE_MEMORY_H
| #  include <memory.h>
| # endif
| # include <string.h>
| #endif
| #ifdef HAVE_STRINGS_H
| # include <strings.h>
| #endif
| #ifdef HAVE_INTTYPES_H
| # include <inttypes.h>
| #endif
| #ifdef HAVE_STDINT_H
| # include <stdint.h>
| #endif
| #ifdef HAVE_UNISTD_H
| # include <unistd.h>
| #endif
| int
| main ()
| {
| if (sizeof ((size_t)))
| 	    return 0;
|   ;
|   return 0;
| }
configure:10219: result: yes
configure:10230: checking for uint16_t
configure:10230: gcc -c -g -O2  conftest.c >&5
configure:10230: $? = 0
configure:10230: result: yes
configure:10242: checking for uint32_t
configure:10242: gcc -c -g -O2  conftest.c >&5
configure:10242: $? = 0
configure:10242: result: yes
configure:10260: checking for stdlib.h
configure:10260: result: yes
configure:10270: checking for GNU libc compatible malloc
configure:10294: gcc -o conftest -g -O2   conftest.c -lssl -lpthread -lm -levent_openssl -levent -lcurl -lcrypto  >&5
configure:10294: $? = 0
configure:10294: ./conftest
configure:10294: $? = 0
configure:10304: result: yes
configure:10327: checking for stdlib.h
configure:10327: result: yes
configure:10337: checking for GNU libc compatible realloc
configure:10361: gcc -o conftest -g -O2   conftest.c -lssl -lpthread -lm -levent_openssl -levent -lcurl -lcrypto  >&5
configure:10361: $? = 0
configure:10361: ./conftest
configure:10361: $? = 0
configure:10371: result: yes
configure:10393: checking for working strtod
configure:10434: gcc -o conftest -g -O2   conftest.c -lssl -lpthread -lm -levent_openssl -levent -lcurl -lcrypto  >&5
configure:10434: $? = 0
configure:10434: ./conftest
configure:10434: $? = 0
configure:10444: result: yes
configure:10509: checking for bzero
configure:10509: gcc -o conftest -g -O2   conftest.c -lssl -lpthread -lm -levent_openssl -levent -lcurl -lcrypto  >&5
conftest.c:77:6: warning: conflicting types for built-in function 'bzero'; expected 'void(void *, long unsigned int)' [-Wbuiltin-declaration-mismatch]
   77 | char bzero ();
      |      ^~~~~
configure:10509: $? = 0
configure:10509: result: yes
configure:10509: checking for getpass
configure:10509: gcc -o conftest -g -O2   conftest.c -lssl -lpthread -lm -levent_openssl -levent -lcurl -lcrypto  >&5
configure:10509: $? = 0
configure:10509: result: yes
configure:10509: checking for localeconv
configure:10509: gcc -o conftest -g -O2   conftest.c -lssl -lpthread -lm -levent_openssl -levent -lcurl -lcrypto  >&5
configure:10509: $? = 0
configure:10509: result: yes
configure:10509: checking for memset
configure:10509: gcc -o conftest -g -O2   conftest.c -lssl -lpthread -lm -levent_openssl -levent -lcurl -lcrypto  >&5
conftest.c:80:6: warning: conflicting types for built-in function 'memset'; expected 'void *(void *, int,  long unsigned int)' [-Wbuiltin-declaration-mismatch]
   80 | char memset ();
      |      ^~~~~~
conftest.c:68:1: note: 'memset' is declared in header '<string.h>'
   67 | # include <limits.h>
   68 | #else
configure:10509: $? = 0
configure:10509: result: yes
configure:10509: checking for strcasecmp
configure:10509: gcc -o conftest -g -O2   conftest.c -lssl -lpthread -lm -levent_openssl -levent -lcurl -lcrypto  >&5
conftest.c:81:6: warning: conflicting types for built-in function 'strcasecmp'; expected 'int(const char *, const char *)' [-Wbuiltin-declaration-mismatch]
   81 | char strcasecmp ();
      |      ^~~~~~~~~~
configure:10509: $? = 0
configure:10509: result: yes
configure:10509: checking for strchr
configure:10509: gcc -o conftest -g -O2   conftest.c -lssl -lpthread -lm -levent_openssl -levent -lcurl -lcrypto  >&5
conftest.c:82:6: warning: conflicting types for built-in function 'strchr'; expected 'char *(const char *, int)' [-Wbuiltin-declaration-mismatch]
   82 | char strchr ();
      |      ^~~~~~
conftest.c:70:1: note: 'strchr' is declared in header '<string.h>'
   69 | # include <limits.h>
   70 | #else
configure:10509: $? = 0
configure:10509: result: yes
configure:10509: checking for strdup
configure:10509: gcc -o conftest -g -O2   conftest.c -lssl -lpthread -lm -levent_openssl -levent -lcurl -lcrypto  >&5
conftest.c:83:6: warning: conflicting types for built-in function 'strdup'; expected 'char *(const char *)' [-Wbuiltin-declaration-mismatch]
   83 | char strdup ();
      |      ^~~~~~
configure:10509: $? = 0
configure:10509: result: yes
configure:10509: checking for strerror
configure:10509: gcc -o conftest -g -O2   conftest.c -lssl -lpthread -lm -levent_openssl -levent -lcurl -lcrypto  >&5
configure:10509: $? = 0
configure:10509: result: yes
configure:10509: checking for strrchr
configure:10509: gcc -o conftest -g -O2   conftest.c -lssl -lpthread -lm -levent_openssl -levent -lcurl -lcrypto  >&5
conftest.c:85:6: warning: conflicting types for built-in function 'strrchr'; expected 'char *(const char *, int)' [-Wbuiltin-declaration-mismatch]
   85 | char strrchr ();
      |      ^~~~~~~
conftest.c:73:1: note: 'strrchr' is declared in header '<string.h>'
   72 | # include <limits.h>
   73 | #else
configure:10509: $? = 0
configure:10509: result: yes
configure:10509: checking for strspn
configure:10509: gcc -o conftest -g -O2   conftest.c -lssl -lpthread -lm -levent_openssl -levent -lcurl -lcrypto  >&5
conftest.c:86:6: warning: conflicting types for built-in function 'strspn'; expected 'long unsigned int(const char *, const char *)' [-Wbuiltin-declaration-mismatch]
   86 | char strspn ();
      |      ^~~~~~
conftest.c:74:1: note: 'strspn' is declared in header '<string.h>'
   73 | # include <limits.h>
   74 | #else
configure:10509: $? = 0
configure:10509: result: yes
configure:10509: checking for strstr
configure:10509: gcc -o conftest -g -O2   conftest.c -lssl -lpthread -lm -levent_openssl -levent -lcurl -lcrypto  >&5
conftest.c:87:6: warning: conflicting types for built-in function 'strstr'; expected 'char *(const char *, const char *)' [-Wbuiltin-declaration-mismatch]
   87 | char strstr ();
      |      ^~~~~~
conftest.c:75:1: note: 'strstr' is declared in header '<string.h>'
   74 | # include <limits.h>
   75 | #else
configure:10509: $? = 0
configure:10509: result: yes
configure:10627: checking that generated files are newer than configure
configure:10633: result: done
configure:10660: creating ./config.status

## ---------------------- ##
## Running config.status. ##
## ---------------------- ##

This file was extended by arctic_emperor config.status 1.3.5, which was
generated by GNU Autoconf 2.69.  Invocation command line was

  CONFIG_FILES    = 
  CONFIG_HEADERS  = 
  CONFIG_LINKS    = 
  CONFIG_COMMANDS = 
  $ ./config.status 

on ubuntu

config.status:1128: creating Makefile
config.status:1128: creating src/linuxos/Makefile
config.status:1128: creating src/wangyonglin/Makefile
config.status:1128: creating src/application/Makefile
config.status:1128: creating config.h
config.status:1294: config.h is unchanged
config.status:1342: executing depfiles commands
config.status:1419: cd src/linuxos       && sed -e '/# am--include-marker/d' Makefile         | make -f - am--depfiles
make: Nothing to be done for 'am--depfiles'.
config.status:1424: $? = 0
config.status:1419: cd src/wangyonglin       && sed -e '/# am--include-marker/d' Makefile         | make -f - am--depfiles
make: Nothing to be done for 'am--depfiles'.
config.status:1424: $? = 0
config.status:1419: cd src/application       && sed -e '/# am--include-marker/d' Makefile         | make -f - am--depfiles
make: Nothing to be done for 'am--depfiles'.
config.status:1424: $? = 0
config.status:1342: executing libtool commands

## ---------------- ##
## Cache variables. ##
## ---------------- ##

ac_cv_build=x86_64-pc-linux-gnu
ac_cv_c_compiler_gnu=yes
ac_cv_c_inline=inline
ac_cv_c_int64_t=yes
ac_cv_c_uint16_t=yes
ac_cv_c_uint32_t=yes
ac_cv_env_CC_set=
ac_cv_env_CC_value=
ac_cv_env_CFLAGS_set=
ac_cv_env_CFLAGS_value=
ac_cv_env_CPPFLAGS_set=
ac_cv_env_CPPFLAGS_value=
ac_cv_env_CPP_set=
ac_cv_env_CPP_value=
ac_cv_env_LDFLAGS_set=
ac_cv_env_LDFLAGS_value=
ac_cv_env_LIBS_set=
ac_cv_env_LIBS_value=
ac_cv_env_LT_SYS_LIBRARY_PATH_set=
ac_cv_env_LT_SYS_LIBRARY_PATH_value=
ac_cv_env_build_alias_set=
ac_cv_env_build_alias_value=
ac_cv_env_host_alias_set=
ac_cv_env_host_alias_value=
ac_cv_env_target_alias_set=
ac_cv_env_target_alias_value=
ac_cv_func_bzero=yes
ac_cv_func_getpass=yes
ac_cv_func_localeconv=yes
ac_cv_func_malloc_0_nonnull=yes
ac_cv_func_memset=yes
ac_cv_func_realloc_0_nonnull=yes
ac_cv_func_strcasecmp=yes
ac_cv_func_strchr=yes
ac_cv_func_strdup=yes
ac_cv_func_strerror=yes
ac_cv_func_strrchr=yes
ac_cv_func_strspn=yes
ac_cv_func_strstr=yes
ac_cv_func_strtod=yes
ac_cv_header_dlfcn_h=yes
ac_cv_header_float_h=yes
ac_cv_header_inttypes_h=yes
ac_cv_header_limits_h=yes
ac_cv_header_locale_h=yes
ac_cv_header_memory_h=yes
ac_cv_header_netinet_in_h=yes
ac_cv_header_stdbool_h=yes
ac_cv_header_stdc=yes
ac_cv_header_stddef_h=yes
ac_cv_header_stdint_h=yes
ac_cv_header_stdlib_h=yes
ac_cv_header_string_h=yes
ac_cv_header_strings_h=yes
ac_cv_header_sys_socket_h=yes
ac_cv_header_sys_stat_h=yes
ac_cv_header_sys_types_h=yes
ac_cv_header_unistd_h=yes
ac_cv_host=x86_64-pc-linux-gnu
ac_cv_lib_crypto_main=yes
ac_cv_lib_curl_main=yes
ac_cv_lib_event_main=yes
ac_cv_lib_event_openssl_main=yes
ac_cv_lib_m_main=yes
ac_cv_lib_pthread_main=yes
ac_cv_lib_ssl_main=yes
ac_cv_objext=o
ac_cv_path_EGREP='/usr/bin/grep -E'
ac_cv_path_FGREP='/usr/bin/grep -F'
ac_cv_path_GREP=/usr/bin/grep
ac_cv_path_SED=/usr/bin/sed
ac_cv_path_install='/usr/bin/install -c'
ac_cv_path_lt_DD=/usr/bin/dd
ac_cv_path_mkdir=/usr/bin/mkdir
ac_cv_prog_AWK=gawk
ac_cv_prog_CPP='gcc -E'
ac_cv_prog_ac_ct_AR=ar
ac_cv_prog_ac_ct_CC=gcc
ac_cv_prog_ac_ct_MANIFEST_TOOL=mt
ac_cv_prog_ac_ct_OBJDUMP=objdump
ac_cv_prog_ac_ct_RANLIB=ranlib
ac_cv_prog_ac_ct_STRIP=strip
ac_cv_prog_cc_c89=
ac_cv_prog_cc_g=yes
ac_cv_prog_make_make_set=yes
ac_cv_type__Bool=yes
ac_cv_type_size_t=yes
am_cv_CC_dependencies_compiler_type=gcc3
am_cv_make_support_nested_variables=yes
am_cv_prog_cc_c_o=yes
am_cv_prog_tar_ustar=gnutar
lt_cv_ar_at_file=@
lt_cv_archive_cmds_need_lc=no
lt_cv_deplibs_check_method=pass_all
lt_cv_file_magic_cmd='$MAGIC_CMD'
lt_cv_file_magic_test_file=
lt_cv_ld_reload_flag=-r
lt_cv_nm_interface='BSD nm'
lt_cv_objdir=.libs
lt_cv_path_LD=/usr/bin/ld
lt_cv_path_NM='/usr/bin/nm -B'
lt_cv_path_mainfest_tool=no
lt_cv_prog_compiler_c_o=yes
lt_cv_prog_compiler_pic='-fPIC -DPIC'
lt_cv_prog_compiler_pic_works=yes
lt_cv_prog_compiler_rtti_exceptions=no
lt_cv_prog_compiler_static_works=yes
lt_cv_prog_gnu_ld=yes
lt_cv_sharedlib_from_linklib_cmd='printf %s\n'
lt_cv_shlibpath_overrides_runpath=yes
lt_cv_sys_global_symbol_pipe='sed -n -e '\''s/^.*[	 ]\([ABCDGIRSTW][ABCDGIRSTW]*\)[	 ][	 ]*\([_A-Za-z][_A-Za-z0-9]*\)$/\1 \2 \2/p'\'' | sed '\''/ __gnu_lto/d'\'''
lt_cv_sys_global_symbol_to_c_name_address='sed -n -e '\''s/^: \(.*\) .*$/  {"\1", (void *) 0},/p'\'' -e '\''s/^[ABCDGIRSTW][ABCDGIRSTW]* .* \(.*\)$/  {"\1", (void *) \&\1},/p'\'''
lt_cv_sys_global_symbol_to_c_name_address_lib_prefix='sed -n -e '\''s/^: \(.*\) .*$/  {"\1", (void *) 0},/p'\'' -e '\''s/^[ABCDGIRSTW][ABCDGIRSTW]* .* \(lib.*\)$/  {"\1", (void *) \&\1},/p'\'' -e '\''s/^[ABCDGIRSTW][ABCDGIRSTW]* .* \(.*\)$/  {"lib\1", (void *) \&\1},/p'\'''
lt_cv_sys_global_symbol_to_cdecl='sed -n -e '\''s/^T .* \(.*\)$/extern int \1();/p'\'' -e '\''s/^[ABCDGIRSTW][ABCDGIRSTW]* .* \(.*\)$/extern char \1;/p'\'''
lt_cv_sys_global_symbol_to_import=
lt_cv_sys_max_cmd_len=1572864
lt_cv_to_host_file_cmd=func_convert_file_noop
lt_cv_to_tool_file_cmd=func_convert_file_noop
lt_cv_truncate_bin='/usr/bin/dd bs=4096 count=1'

## ----------------- ##
## Output variables. ##
## ----------------- ##

ACLOCAL='${SHELL} /home/wangyonglin/github/wangyonglin/ffmpeg_camera_streamer/missing aclocal-1.16'
AMDEPBACKSLASH='\'
AMDEP_FALSE='#'
AMDEP_TRUE=''
AMTAR='$${TAR-tar}'
AM_BACKSLASH='\'
AM_DEFAULT_V='$(AM_DEFAULT_VERBOSITY)'
AM_DEFAULT_VERBOSITY='1'
AM_V='$(V)'
AR='ar'
AUTOCONF='${SHELL} /home/wangyonglin/github/wangyonglin/ffmpeg_camera_streamer/missing autoconf'
AUTOHEADER='${SHELL} /home/wangyonglin/github/wangyonglin/ffmpeg_camera_streamer/missing autoheader'
AUTOMAKE='${SHELL} /home/wangyonglin/github/wangyonglin/ffmpeg_camera_streamer/missing automake-1.16'
AWK='gawk'
CC='gcc'
CCDEPMODE='depmode=gcc3'
CFLAGS='-g -O2'
CPP='gcc -E'
CPPFLAGS=''
CYGPATH_W='echo'
DEFS='-DHAVE_CONFIG_H'
DEPDIR='.deps'
DLLTOOL='false'
DSYMUTIL=''
DUMPBIN=''
ECHO_C=''
ECHO_N='-n'
ECHO_T=''
EGREP='/usr/bin/grep -E'
EXEEXT=''
FGREP='/usr/bin/grep -F'
GREP='/usr/bin/grep'
INSTALL_DATA='${INSTALL} -m 644'
INSTALL_PROGRAM='${INSTALL}'
INSTALL_SCRIPT='${INSTALL}'
INSTALL_STRIP_PROGRAM='$(install_sh) -c -s'
LD='/usr/bin/ld -m elf_x86_64'
LDFLAGS=''
LIBOBJS=''
LIBS='-lssl -lpthread -lm -levent_openssl -levent -lcurl -lcrypto '
LIBTOOL='$(SHELL) $(top_builddir)/libtool'
LIPO=''
LN_S='ln -s'
LTLIBOBJS=''
LT_SYS_LIBRARY_PATH=''
MAKEINFO='${SHELL} /home/wangyonglin/github/wangyonglin/ffmpeg_camera_streamer/missing makeinfo'
MANIFEST_TOOL=':'
MKDIR_P='/usr/bin/mkdir -p'
NM='/usr/bin/nm -B'
NMEDIT=''
OBJDUMP='objdump'
OBJEXT='o'
OTOOL64=''
OTOOL=''
PACKAGE='arctic_emperor'
PACKAGE_BUGREPORT='admin@wangyonglin.com'
PACKAGE_NAME='arctic_emperor'
PACKAGE_STRING='arctic_emperor 1.3.5'
PACKAGE_TARNAME='arctic_emperor'
PACKAGE_URL=''
PACKAGE_VERSION='1.3.5'
PATH_SEPARATOR=':'
POW_LIB=''
RANLIB='ranlib'
SED='/usr/bin/sed'
SET_MAKE=''
SHELL='/bin/bash'
STRIP='strip'
VERSION='1.3.5'
ac_ct_AR='ar'
ac_ct_CC='gcc'
ac_ct_DUMPBIN=''
am__EXEEXT_FALSE=''
am__EXEEXT_TRUE='#'
am__fastdepCC_FALSE='#'
am__fastdepCC_TRUE=''
am__include='include'
am__isrc=' -I$(srcdir)'
am__leading_dot='.'
am__nodep='_no'
am__quote=''
am__tar='tar --format=ustar -chf - "$$tardir"'
am__untar='tar -xf -'
bindir='${exec_prefix}/bin'
build='x86_64-pc-linux-gnu'
build_alias=''
build_cpu='x86_64'
build_os='linux-gnu'
build_vendor='pc'
datadir='${datarootdir}'
datarootdir='${prefix}/share'
docdir='${datarootdir}/doc/${PACKAGE_TARNAME}'
dvidir='${docdir}'
exec_prefix='/usr/local'
host='x86_64-pc-linux-gnu'
host_alias=''
host_cpu='x86_64'
host_os='linux-gnu'
host_vendor='pc'
htmldir='${docdir}'
includedir='${prefix}/include'
infodir='${datarootdir}/info'
install_sh='${SHELL} /home/wangyonglin/github/wangyonglin/ffmpeg_camera_streamer/install-sh'
libdir='${exec_prefix}/lib'
libexecdir='${exec_prefix}/libexec'
localdir='/var/run/wangyonglin'
localedir='${datarootdir}/locale'
localstatedir='${prefix}/var'
mandir='${datarootdir}/man'
mkdir_p='$(MKDIR_P)'
oldincludedir='/usr/include'
pdfdir='${docdir}'
prefix='/usr/local'
program_transform_name='s,x,x,'
psdir='${docdir}'
runstatedir='${localstatedir}/run'
sbindir='${exec_prefix}/sbin'
sharedstatedir='${prefix}/com'
subdirs=' '
sysconfdir='${prefix}/etc'
target_alias=''

## ----------- ##
## confdefs.h. ##
## ----------- ##

/* confdefs.h */
#define PACKAGE_NAME "arctic_emperor"
#define PACKAGE_TARNAME "arctic_emperor"
#define PACKAGE_VERSION "1.3.5"
#define PACKAGE_STRING "arctic_emperor 1.3.5"
#define PACKAGE_BUGREPORT "admin@wangyonglin.com"
#define PACKAGE_URL ""
#define PACKAGE "arctic_emperor"
#define VERSION "1.3.5"
#define PACKAGE_VERSION_MAJOR 1
#define PACKAGE_VERSION_MINOR 3
#define PACKAGE_VERSION_PATCH 5
#define PACKAGE_DIRECTERY_LOCALDIR "/var/run/wangyonglin"
#define PACKAGE_DIRECTERY_PREFIX "/usr/local"
#define PACKAGE_DIRECTERY_LOG "/usr/local/logs"
#define PACKAGE_DIRECTERY_CONF "/usr/local/conf"
#define PACKAGE_CONF_MAIN_FILENAME "/usr/local/conf/wangyonglin.conf"
#define PACKAGE_CONF_ZLOG_FILENAME "/usr/local/conf/zlog.conf"
#define STDC_HEADERS 1
#define HAVE_SYS_TYPES_H 1
#define HAVE_SYS_STAT_H 1
#define HAVE_STDLIB_H 1
#define HAVE_STRING_H 1
#define HAVE_MEMORY_H 1
#define HAVE_STRINGS_H 1
#define HAVE_INTTYPES_H 1
#define HAVE_STDINT_H 1
#define HAVE_UNISTD_H 1
#define HAVE_DLFCN_H 1
#define LT_OBJDIR ".libs/"
#define HAVE_LIBCRYPTO 1
#define HAVE_LIBCURL 1
#define HAVE_LIBEVENT 1
#define HAVE_LIBEVENT_OPENSSL 1
#define HAVE_LIBM 1
#define HAVE_LIBPTHREAD 1
#define HAVE_LIBSSL 1
#define HAVE_FLOAT_H 1
#define HAVE_LIMITS_H 1
#define HAVE_LOCALE_H 1
#define HAVE_NETINET_IN_H 1
#define HAVE_STDDEF_H 1
#define HAVE_STDINT_H 1
#define HAVE_STDLIB_H 1
#define HAVE_STRING_H 1
#define HAVE_SYS_SOCKET_H 1
#define HAVE_UNISTD_H 1
#define HAVE__BOOL 1
#define HAVE_STDLIB_H 1
#define HAVE_MALLOC 1
#define HAVE_STDLIB_H 1
#define HAVE_REALLOC 1
#define HAVE_BZERO 1
#define HAVE_GETPASS 1
#define HAVE_LOCALECONV 1
#define HAVE_MEMSET 1
#define HAVE_STRCASECMP 1
#define HAVE_STRCHR 1
#define HAVE_STRDUP 1
#define HAVE_STRERROR 1
#define HAVE_STRRCHR 1
#define HAVE_STRSPN 1
#define HAVE_STRSTR 1

configure: exit 0

## ---------------------- ##
## Running config.status. ##
## ---------------------- ##

This file was extended by arctic_emperor config.status 1.3.5, which was
generated by GNU Autoconf 2.69.  Invocation command line was

  CONFIG_FILES    = 
  CONFIG_HEADERS  = 
  CONFIG_LINKS    = 
  CONFIG_COMMANDS = 
  $ ./config.status src/application/Makefile depfiles

on ubuntu

config.status:1128: creating src/application/Makefile
config.status:1342: executing depfiles commands
config.status:1419: cd src/application       && sed -e '/# am--include-marker/d' Makefile         | make -f - am--depfiles
make[3]: Entering directory '/home/wangyonglin/github/wangyonglin/ffmpeg_camera_streamer/build/src/application'
make[3]: Leaving directory '/home/wangyonglin/github/wangyonglin/ffmpeg_camera_streamer/build/src/application'
config.status:1424: $? = 0

## ---------------------- ##
## Running config.status. ##
## ---------------------- ##

This file was extended by arctic_emperor config.status 1.3.5, which was
generated by GNU Autoconf 2.69.  Invocation command line was

  CONFIG_FILES    = 
  CONFIG_HEADERS  = 
  CONFIG_LINKS    = 
  CONFIG_COMMANDS = 
  $ ./config.status src/application/Makefile depfiles

on ubuntu

config.status:1128: creating src/application/Makefile
config.status:1342: executing depfiles commands
config.status:1419: cd src/application       && sed -e '/# am--include-marker/d' Makefile         | make -f - am--depfiles
make[3]: Entering directory '/home/wangyonglin/github/wangyonglin/ffmpeg_camera_streamer/build/src/application'
make[3]: Nothing to be done for 'am--depfiles'.
make[3]: Leaving directory '/home/wangyonglin/github/wangyonglin/ffmpeg_camera_streamer/build/src/application'
config.status:1424: $? = 0

## ---------------------- ##
## Running config.status. ##
## ---------------------- ##

This file was extended by arctic_emperor config.status 1.3.5, which was
generated by GNU Autoconf 2.69.  Invocation command line was

  CONFIG_FILES    = 
  CONFIG_HEADERS  = 
  CONFIG_LINKS    = 
  CONFIG_COMMANDS = 
  $ ./config.status src/application/Makefile depfiles

on ubuntu

config.status:1128: creating src/application/Makefile
config.status:1342: executing depfiles commands
config.status:1419: cd src/application       && sed -e '/# am--include-marker/d' Makefile         | make -f - am--depfiles
make[3]: Entering directory '/home/wangyonglin/github/wangyonglin/ffmpeg_camera_streamer/build/src/application'
make[3]: Leaving directory '/home/wangyonglin/github/wangyonglin/ffmpeg_camera_streamer/build/src/application'
config.status:1424: $? = 0

## ---------------------- ##
## Running config.status. ##
## ---------------------- ##

This file was extended by arctic_emperor config.status 1.3.5, which was
generated by GNU Autoconf 2.69.  Invocation command line was

  CONFIG_FILES    = 
  CONFIG_HEADERS  = 
  CONFIG_LINKS    = 
  CONFIG_COMMANDS = 
  $ ./config.status src/application/Makefile depfiles

on ubuntu

config.status:1128: creating src/application/Makefile
config.status:1342: executing depfiles commands
config.status:1419: cd src/application       && sed -e '/# am--include-marker/d' Makefile         | make -f - am--depfiles
make[3]: Entering directory '/home/wangyonglin/github/wangyonglin/ffmpeg_camera_streamer/build/src/application'
make[3]: Leaving directory '/home/wangyonglin/github/wangyonglin/ffmpeg_camera_streamer/build/src/application'
config.status:1424: $? = 0

## ---------------------- ##
## Running config.status. ##
## ---------------------- ##

This file was extended by arctic_emperor config.status 1.3.5, which was
generated by GNU Autoconf 2.69.  Invocation command line was

  CONFIG_FILES    = 
  CONFIG_HEADERS  = 
  CONFIG_LINKS    = 
  CONFIG_COMMANDS = 
  $ ./config.status src/application/Makefile depfiles

on ubuntu

config.status:1128: creating src/application/Makefile
config.status:1342: executing depfiles commands
config.status:1419: cd src/application       && sed -e '/# am--include-marker/d' Makefile         | make -f - am--depfiles
make[3]: Entering directory '/home/wangyonglin/github/wangyonglin/ffmpeg_camera_streamer/build/src/application'
make[3]: Leaving directory '/home/wangyonglin/github/wangyonglin/ffmpeg_camera_streamer/build/src/application'
config.status:1424: $? = 0

## ---------------------- ##
## Running config.status. ##
## ---------------------- ##

This file was extended by arctic_emperor config.status 1.3.5, which was
generated by GNU Autoconf 2.69.  Invocation command line was

  CONFIG_FILES    = 
  CONFIG_HEADERS  = 
  CONFIG_LINKS    = 
  CONFIG_COMMANDS = 
  $ ./config.status src/application/Makefile depfiles

on ubuntu

config.status:1128: creating src/application/Makefile
config.status:1342: executing depfiles commands
config.status:1419: cd src/application       && sed -e '/# am--include-marker/d' Makefile         | make -f - am--depfiles
make[3]: Entering directory '/home/wangyonglin/github/wangyonglin/ffmpeg_camera_streamer/build/src/application'
make[3]: Nothing to be done for 'am--depfiles'.
make[3]: Leaving directory '/home/wangyonglin/github/wangyonglin/ffmpeg_camera_streamer/build/src/application'
config.status:1424: $? = 0

## ---------------------- ##
## Running config.status. ##
## ---------------------- ##

This file was extended by arctic_emperor config.status 1.3.5, which was
generated by GNU Autoconf 2.69.  Invocation command line was

  CONFIG_FILES    = 
  CONFIG_HEADERS  = 
  CONFIG_LINKS    = 
  CONFIG_COMMANDS = 
  $ ./config.status src/application/Makefile depfiles

on ubuntu

config.status:1128: creating src/application/Makefile
config.status:1342: executing depfiles commands
config.status:1419: cd src/application       && sed -e '/# am--include-marker/d' Makefile         | make -f - am--depfiles
make[3]: Entering directory '/home/wangyonglin/github/wangyonglin/ffmpeg_camera_streamer/build/src/application'
make[3]: Nothing to be done for 'am--depfiles'.
make[3]: Leaving directory '/home/wangyonglin/github/wangyonglin/ffmpeg_camera_streamer/build/src/application'
config.status:1424: $? = 0

## ---------------------- ##
## Running config.status. ##
## ---------------------- ##

This file was extended by arctic_emperor config.status 1.3.5, which was
generated by GNU Autoconf 2.69.  Invocation command line was

  CONFIG_FILES    = 
  CONFIG_HEADERS  = 
  CONFIG_LINKS    = 
  CONFIG_COMMANDS = 
  $ ./config.status src/wangyonglin/Makefile depfiles

on ubuntu

config.status:1128: creating src/wangyonglin/Makefile
config.status:1342: executing depfiles commands
config.status:1419: cd src/wangyonglin       && sed -e '/# am--include-marker/d' Makefile         | make -f - am--depfiles
make[3]: Entering directory '/home/wangyonglin/github/wangyonglin/ffmpeg_camera_streamer/build/src/wangyonglin'
make[3]: Leaving directory '/home/wangyonglin/github/wangyonglin/ffmpeg_camera_streamer/build/src/wangyonglin'
config.status:1424: $? = 0

## ---------------------- ##
## Running config.status. ##
## ---------------------- ##

This file was extended by arctic_emperor config.status 1.3.5, which was
generated by GNU Autoconf 2.69.  Invocation command line was

  CONFIG_FILES    = 
  CONFIG_HEADERS  = 
  CONFIG_LINKS    = 
  CONFIG_COMMANDS = 
  $ ./config.status src/wangyonglin/Makefile depfiles

on ubuntu

config.status:1128: creating src/wangyonglin/Makefile
config.status:1342: executing depfiles commands
config.status:1419: cd src/wangyonglin       && sed -e '/# am--include-marker/d' Makefile         | make -f - am--depfiles
make[3]: Entering directory '/home/wangyonglin/github/wangyonglin/ffmpeg_camera_streamer/build/src/wangyonglin'
make[3]: Nothing to be done for 'am--depfiles'.
make[3]: Leaving directory '/home/wangyonglin/github/wangyonglin/ffmpeg_camera_streamer/build/src/wangyonglin'
config.status:1424: $? = 0

## ---------------------- ##
## Running config.status. ##
## ---------------------- ##

This file was extended by arctic_emperor config.status 1.3.5, which was
generated by GNU Autoconf 2.69.  Invocation command line was

  CONFIG_FILES    = 
  CONFIG_HEADERS  = 
  CONFIG_LINKS    = 
  CONFIG_COMMANDS = 
  $ ./config.status src/application/Makefile depfiles

on ubuntu

config.status:1128: creating src/application/Makefile
config.status:1342: executing depfiles commands
config.status:1419: cd src/application       && sed -e '/# am--include-marker/d' Makefile         | make -f - am--depfiles
make[3]: Entering directory '/home/wangyonglin/github/wangyonglin/ffmpeg_camera_streamer/build/src/application'
make[3]: Leaving directory '/home/wangyonglin/github/wangyonglin/ffmpeg_camera_streamer/build/src/application'
config.status:1424: $? = 0

## ---------------------- ##
## Running config.status. ##
## ---------------------- ##

This file was extended by arctic_emperor config.status 1.3.5, which was
generated by GNU Autoconf 2.69.  Invocation command line was

  CONFIG_FILES    = 
  CONFIG_HEADERS  = 
  CONFIG_LINKS    = 
  CONFIG_COMMANDS = 
  $ ./config.status src/application/Makefile depfiles

on ubuntu

config.status:1128: creating src/application/Makefile
config.status:1342: executing depfiles commands
config.status:1419: cd src/application       && sed -e '/# am--include-marker/d' Makefile         | make -f - am--depfiles
make[3]: Entering directory '/home/wangyonglin/github/wangyonglin/ffmpeg_camera_streamer/build/src/application'
make[3]: Leaving directory '/home/wangyonglin/github/wangyonglin/ffmpeg_camera_streamer/build/src/application'
config.status:1424: $? = 0

## ---------------------- ##
## Running config.status. ##
## ---------------------- ##

This file was extended by arctic_emperor config.status 1.3.5, which was
generated by GNU Autoconf 2.69.  Invocation command line was

  CONFIG_FILES    = 
  CONFIG_HEADERS  = 
  CONFIG_LINKS    = 
  CONFIG_COMMANDS = 
  $ ./config.status src/application/Makefile depfiles

on ubuntu

config.status:1128: creating src/application/Makefile
config.status:1342: executing depfiles commands
config.status:1419: cd src/application       && sed -e '/# am--include-marker/d' Makefile         | make -f - am--depfiles
make[3]: Entering directory '/home/wangyonglin/github/wangyonglin/ffmpeg_camera_streamer/build/src/application'
make[3]: Leaving directory '/home/wangyonglin/github/wangyonglin/ffmpeg_camera_streamer/build/src/application'
config.status:1424: $? = 0

## ---------------------- ##
## Running config.status. ##
## ---------------------- ##

This file was extended by arctic_emperor config.status 1.3.5, which was
generated by GNU Autoconf 2.69.  Invocation command line was

  CONFIG_FILES    = 
  CONFIG_HEADERS  = 
  CONFIG_LINKS    = 
  CONFIG_COMMANDS = 
  $ ./config.status src/application/Makefile depfiles

on ubuntu

config.status:1128: creating src/application/Makefile
config.status:1342: executing depfiles commands
config.status:1419: cd src/application       && sed -e '/# am--include-marker/d' Makefile         | make -f - am--depfiles
make[3]: Entering directory '/home/wangyonglin/github/wangyonglin/ffmpeg_camera_streamer/build/src/application'
make[3]: Leaving directory '/home/wangyonglin/github/wangyonglin/ffmpeg_camera_streamer/build/src/application'
config.status:1424: $? = 0

## ---------------------- ##
## Running config.status. ##
## ---------------------- ##

This file was extended by arctic_emperor config.status 1.3.5, which was
generated by GNU Autoconf 2.69.  Invocation command line was

  CONFIG_FILES    = 
  CONFIG_HEADERS  = 
  CONFIG_LINKS    = 
  CONFIG_COMMANDS = 
  $ ./config.status src/application/Makefile depfiles

on ubuntu

config.status:1128: creating src/application/Makefile
config.status:1342: executing depfiles commands
config.status:1419: cd src/application       && sed -e '/# am--include-marker/d' Makefile         | make -f - am--depfiles
make[3]: Entering directory '/home/wangyonglin/github/wangyonglin/ffmpeg_camera_streamer/build/src/application'
make[3]: Nothing to be done for 'am--depfiles'.
make[3]: Leaving directory '/home/wangyonglin/github/wangyonglin/ffmpeg_camera_streamer/build/src/application'
config.status:1424: $? = 0

## ---------------------- ##
## Running config.status. ##
## ---------------------- ##

This file was extended by arctic_emperor config.status 1.3.5, which was
generated by GNU Autoconf 2.69.  Invocation command line was

  CONFIG_FILES    = 
  CONFIG_HEADERS  = 
  CONFIG_LINKS    = 
  CONFIG_COMMANDS = 
  $ ./config.status src/wangyonglin/Makefile depfiles

on ubuntu

config.status:1128: creating src/wangyonglin/Makefile
config.status:1342: executing depfiles commands
config.status:1419: cd src/wangyonglin       && sed -e '/# am--include-marker/d' Makefile         | make -f - am--depfiles
make[3]: Entering directory '/home/wangyonglin/github/wangyonglin/ffmpeg_camera_streamer/build/src/wangyonglin'
make[3]: Leaving directory '/home/wangyonglin/github/wangyonglin/ffmpeg_camera_streamer/build/src/wangyonglin'
config.status:1424: $? = 0

## ---------------------- ##
## Running config.status. ##
## ---------------------- ##

This file was extended by arctic_emperor config.status 1.3.5, which was
generated by GNU Autoconf 2.69.  Invocation command line was

  CONFIG_FILES    = 
  CONFIG_HEADERS  = 
  CONFIG_LINKS    = 
  CONFIG_COMMANDS = 
  $ ./config.status src/application/Makefile depfiles

on ubuntu

config.status:1128: creating src/application/Makefile
config.status:1342: executing depfiles commands
config.status:1419: cd src/application       && sed -e '/# am--include-marker/d' Makefile         | make -f - am--depfiles
make[3]: Entering directory '/home/wangyonglin/github/wangyonglin/ffmpeg_camera_streamer/build/src/application'
make[3]: Leaving directory '/home/wangyonglin/github/wangyonglin/ffmpeg_camera_streamer/build/src/application'
config.status:1424: $? = 0
